12:55:55,683 root INFO In the beginning Python created the heavens and the earth. Generate world structure, temperature map, elevation map and fill world with biomes.
12:55:55,684 root INFO Let the water under the sky be gathered to one place, and let dry ground appear.
13:00:37,744 root INFO In the beginning Python created the heavens and the earth. Generate world structure, temperature map, elevation map and fill world with biomes.
13:00:37,745 root INFO Let the water under the sky be gathered to one place, and let dry ground appear.
13:00:39,319 root INFO In the beginning Python created the heavens and the earth. Generate world structure, temperature map, elevation map and fill world with biomes.
13:00:39,320 root INFO Let the water under the sky be gathered to one place, and let dry ground appear.
13:00:40,887 root INFO In the beginning Python created the heavens and the earth. Generate world structure, temperature map, elevation map and fill world with biomes.
13:00:40,888 root INFO Let the water under the sky be gathered to one place, and let dry ground appear.
13:00:42,451 root INFO In the beginning Python created the heavens and the earth. Generate world structure, temperature map, elevation map and fill world with biomes.
13:00:42,451 root INFO Let the water under the sky be gathered to one place, and let dry ground appear.
13:00:44,23 root INFO In the beginning Python created the heavens and the earth. Generate world structure, temperature map, elevation map and fill world with biomes.
13:00:44,23 root INFO Let the water under the sky be gathered to one place, and let dry ground appear.
13:00:45,577 root INFO In the beginning Python created the heavens and the earth. Generate world structure, temperature map, elevation map and fill world with biomes.
13:00:45,577 root INFO Let the water under the sky be gathered to one place, and let dry ground appear.
13:00:47,132 root INFO In the beginning Python created the heavens and the earth. Generate world structure, temperature map, elevation map and fill world with biomes.
13:00:47,132 root INFO Let the water under the sky be gathered to one place, and let dry ground appear.
13:00:48,702 root INFO In the beginning Python created the heavens and the earth. Generate world structure, temperature map, elevation map and fill world with biomes.
13:00:48,703 root INFO Let the water under the sky be gathered to one place, and let dry ground appear.
13:00:50,253 root INFO In the beginning Python created the heavens and the earth. Generate world structure, temperature map, elevation map and fill world with biomes.
13:00:50,254 root INFO Let the water under the sky be gathered to one place, and let dry ground appear.
13:00:51,817 root INFO In the beginning Python created the heavens and the earth. Generate world structure, temperature map, elevation map and fill world with biomes.
13:00:51,818 root INFO Let the water under the sky be gathered to one place, and let dry ground appear.
13:00:53,372 root INFO In the beginning Python created the heavens and the earth. Generate world structure, temperature map, elevation map and fill world with biomes.
13:00:53,373 root INFO Let the water under the sky be gathered to one place, and let dry ground appear.
13:00:54,942 root INFO In the beginning Python created the heavens and the earth. Generate world structure, temperature map, elevation map and fill world with biomes.
13:00:54,942 root INFO Let the water under the sky be gathered to one place, and let dry ground appear.
13:00:56,499 root INFO In the beginning Python created the heavens and the earth. Generate world structure, temperature map, elevation map and fill world with biomes.
13:00:56,500 root INFO Let the water under the sky be gathered to one place, and let dry ground appear.
13:00:58,53 root INFO In the beginning Python created the heavens and the earth. Generate world structure, temperature map, elevation map and fill world with biomes.
13:00:58,54 root INFO Let the water under the sky be gathered to one place, and let dry ground appear.
13:00:59,628 root INFO In the beginning Python created the heavens and the earth. Generate world structure, temperature map, elevation map and fill world with biomes.
13:00:59,629 root INFO Let the water under the sky be gathered to one place, and let dry ground appear.
13:01:01,183 root INFO In the beginning Python created the heavens and the earth. Generate world structure, temperature map, elevation map and fill world with biomes.
13:01:01,183 root INFO Let the water under the sky be gathered to one place, and let dry ground appear.
13:01:02,741 root INFO In the beginning Python created the heavens and the earth. Generate world structure, temperature map, elevation map and fill world with biomes.
13:01:02,741 root INFO Let the water under the sky be gathered to one place, and let dry ground appear.
13:01:04,293 root INFO In the beginning Python created the heavens and the earth. Generate world structure, temperature map, elevation map and fill world with biomes.
13:01:04,293 root INFO Let the water under the sky be gathered to one place, and let dry ground appear.
13:01:05,853 root INFO In the beginning Python created the heavens and the earth. Generate world structure, temperature map, elevation map and fill world with biomes.
13:01:05,853 root INFO Let the water under the sky be gathered to one place, and let dry ground appear.
14:54:10,7 root INFO In the beginning Python created the heavens and the earth. Generate world structure, temperature map, elevation map and fill world with biomes.
14:54:10,7 root INFO Let the water under the sky be gathered to one place, and let dry ground appear.
14:55:20,258 root INFO In the beginning Python created the heavens and the earth. Generate world structure, temperature map, elevation map and fill world with biomes.
14:55:20,258 root INFO Let the water under the sky be gathered to one place, and let dry ground appear.
14:56:34,658 root INFO In the beginning Python created the heavens and the earth. Generate world structure, temperature map, elevation map and fill world with biomes.
14:56:34,658 root INFO Let the water under the sky be gathered to one place, and let dry ground appear.
14:58:26,732 root INFO In the beginning Python created the heavens and the earth. Generate world structure, temperature map, elevation map and fill world with biomes.
14:58:26,732 root INFO Let the water under the sky be gathered to one place, and let dry ground appear.
15:02:30,751 root INFO In the beginning Python created the heavens and the earth. Generate world structure, temperature map, elevation map and fill world with biomes.
15:02:30,751 root INFO Let the water under the sky be gathered to one place, and let dry ground appear.
15:05:04,697 root INFO In the beginning Python created the heavens and the earth. Generate world structure, temperature map, elevation map and fill world with biomes.
15:05:04,697 root INFO Let the water under the sky be gathered to one place, and let dry ground appear.
15:05:21,480 root INFO In the beginning Python created the heavens and the earth. Generate world structure, temperature map, elevation map and fill world with biomes.
15:05:21,480 root INFO Let the water under the sky be gathered to one place, and let dry ground appear.
15:05:21,725 asyncio DEBUG Using proactor: IocpProactor
15:05:21,801 asyncio DEBUG Using proactor: IocpProactor
15:05:21,813 asyncio DEBUG Using proactor: IocpProactor
15:06:12,460 parso.python.diff DEBUG diff parser start
15:06:12,460 parso.python.diff DEBUG line_lengths old: 1; new: 1
15:06:12,460 parso.python.diff DEBUG -> code[replace] old[1:1] new[1:1]
15:06:12,460 parso.python.diff DEBUG parse_part from 1 to 1 (to 0 in part parser)
15:06:12,460 parso.python.diff DEBUG diff parser end
15:07:00,262 parso.python.diff DEBUG diff parser start
15:07:00,262 parso.python.diff DEBUG line_lengths old: 1; new: 1
15:07:00,262 parso.python.diff DEBUG -> code[replace] old[1:1] new[1:1]
15:07:00,262 parso.python.diff DEBUG parse_part from 1 to 1 (to 0 in part parser)
15:07:00,262 parso.python.diff DEBUG diff parser end
15:07:02,835 parso.python.diff DEBUG diff parser start
15:07:02,835 parso.python.diff DEBUG line_lengths old: 1; new: 1
15:07:02,836 parso.python.diff DEBUG -> code[replace] old[1:1] new[1:1]
15:07:02,836 parso.python.diff DEBUG parse_part from 1 to 1 (to 0 in part parser)
15:07:02,836 parso.python.diff DEBUG diff parser end
15:07:04,775 parso.python.diff DEBUG diff parser start
15:07:04,775 parso.python.diff DEBUG line_lengths old: 1; new: 1
15:07:04,775 parso.python.diff DEBUG -> code[replace] old[1:1] new[1:1]
15:07:04,775 parso.python.diff DEBUG parse_part from 1 to 1 (to 0 in part parser)
15:07:04,775 parso.python.diff DEBUG diff parser end
15:07:05,819 parso.python.diff DEBUG diff parser start
15:07:05,819 parso.python.diff DEBUG line_lengths old: 1; new: 1
15:07:05,819 parso.python.diff DEBUG -> code[replace] old[1:1] new[1:1]
15:07:05,819 parso.python.diff DEBUG parse_part from 1 to 1 (to 0 in part parser)
15:07:05,819 parso.python.diff DEBUG diff parser end
15:10:09,693 parso.python.diff DEBUG diff parser start
15:10:09,694 parso.python.diff DEBUG line_lengths old: 1; new: 1
15:10:09,694 parso.python.diff DEBUG -> code[replace] old[1:1] new[1:1]
15:10:09,695 parso.python.diff DEBUG parse_part from 1 to 1 (to 0 in part parser)
15:10:09,695 parso.python.diff DEBUG diff parser end
15:13:50,4 root INFO In the beginning Python created the heavens and the earth. Generate world structure, temperature map, elevation map and fill world with biomes.
15:13:50,5 root INFO Let the water under the sky be gathered to one place, and let dry ground appear.
15:14:17,687 root INFO In the beginning Python created the heavens and the earth. Generate world structure, temperature map, elevation map and fill world with biomes.
15:14:17,687 root INFO Let the water under the sky be gathered to one place, and let dry ground appear.
